This is pdfTeX, Version 3.14159265-2.6-1.40.19 (TeX Live 2019/dev/Debian) (preloaded format=pdflatex 2019.4.27)  2 JUN 2019 19:53
entering extended mode
 restricted \write18 enabled.
 %&-line parsing enabled.
**Sprawozdanie.tex
(./Sprawozdanie.tex
LaTeX2e <2018-12-01>
(/usr/share/texlive/texmf-dist/tex/latex/base/article.cls
Document Class: article 2018/09/03 v1.4i Standard LaTeX document class
(/usr/share/texlive/texmf-dist/tex/latex/base/size12.clo
File: size12.clo 2018/09/03 v1.4i Standard LaTeX file (size option)
)
\c@part=\count80
\c@section=\count81
\c@subsection=\count82
\c@subsubsection=\count83
\c@paragraph=\count84
\c@subparagraph=\count85
\c@figure=\count86
\c@table=\count87
\abovecaptionskip=\skip41
\belowcaptionskip=\skip42
\bibindent=\dimen102
)
(/usr/share/texlive/texmf-dist/tex/latex/base/inputenc.sty
Package: inputenc 2018/08/11 v1.3c Input encoding file
\inpenc@prehook=\toks14
\inpenc@posthook=\toks15
)
(/usr/share/texlive/texmf-dist/tex/latex/amsmath/amsmath.sty
Package: amsmath 2018/12/01 v2.17b AMS math features
\@mathmargin=\skip43

For additional information on amsmath, use the `?' option.
(/usr/share/texlive/texmf-dist/tex/latex/amsmath/amstext.sty
Package: amstext 2000/06/29 v2.01 AMS text

(/usr/share/texlive/texmf-dist/tex/latex/amsmath/amsgen.sty
File: amsgen.sty 1999/11/30 v2.0 generic functions
\@emptytoks=\toks16
\ex@=\dimen103
))
(/usr/share/texlive/texmf-dist/tex/latex/amsmath/amsbsy.sty
Package: amsbsy 1999/11/29 v1.2d Bold Symbols
\pmbraise@=\dimen104
)
(/usr/share/texlive/texmf-dist/tex/latex/amsmath/amsopn.sty
Package: amsopn 2016/03/08 v2.02 operator names
)
\inf@bad=\count88
LaTeX Info: Redefining \frac on input line 223.
\uproot@=\count89
\leftroot@=\count90
LaTeX Info: Redefining \overline on input line 385.
\classnum@=\count91
\DOTSCASE@=\count92
LaTeX Info: Redefining \ldots on input line 482.
LaTeX Info: Redefining \dots on input line 485.
LaTeX Info: Redefining \cdots on input line 606.
\Mathstrutbox@=\box27
\strutbox@=\box28
\big@size=\dimen105
LaTeX Font Info:    Redeclaring font encoding OML on input line 729.
LaTeX Font Info:    Redeclaring font encoding OMS on input line 730.
\macc@depth=\count93
\c@MaxMatrixCols=\count94
\dotsspace@=\muskip10
\c@parentequation=\count95
\dspbrk@lvl=\count96
\tag@help=\toks17
\row@=\count97
\column@=\count98
\maxfields@=\count99
\andhelp@=\toks18
\eqnshift@=\dimen106
\alignsep@=\dimen107
\tagshift@=\dimen108
\tagwidth@=\dimen109
\totwidth@=\dimen110
\lineht@=\dimen111
\@envbody=\toks19
\multlinegap=\skip44
\multlinetaggap=\skip45
\mathdisplay@stack=\toks20
LaTeX Info: Redefining \[ on input line 2844.
LaTeX Info: Redefining \] on input line 2845.
)
(/usr/share/texlive/texmf-dist/tex/latex/amsfonts/amsfonts.sty
Package: amsfonts 2013/01/14 v3.01 Basic AMSFonts support
\symAMSa=\mathgroup4
\symAMSb=\mathgroup5
LaTeX Font Info:    Overwriting math alphabet `\mathfrak' in version `bold'
(Font)                  U/euf/m/n --> U/euf/b/n on input line 106.
)
(/usr/share/texlive/texmf-dist/tex/latex/amsfonts/amssymb.sty
Package: amssymb 2013/01/14 v3.01 AMS font symbols
)
(/usr/share/texlive/texmf-dist/tex/latex/graphics/graphicx.sty
Package: graphicx 2017/06/01 v1.1a Enhanced LaTeX Graphics (DPC,SPQR)

(/usr/share/texlive/texmf-dist/tex/latex/graphics/keyval.sty
Package: keyval 2014/10/28 v1.15 key=value parser (DPC)
\KV@toks@=\toks21
)
(/usr/share/texlive/texmf-dist/tex/latex/graphics/graphics.sty
Package: graphics 2017/06/25 v1.2c Standard LaTeX Graphics (DPC,SPQR)

(/usr/share/texlive/texmf-dist/tex/latex/graphics/trig.sty
Package: trig 2016/01/03 v1.10 sin cos tan (DPC)
)
(/usr/share/texlive/texmf-dist/tex/latex/graphics-cfg/graphics.cfg
File: graphics.cfg 2016/06/04 v1.11 sample graphics configuration
)
Package graphics Info: Driver file: pdftex.def on input line 99.

(/usr/share/texlive/texmf-dist/tex/latex/graphics-def/pdftex.def
File: pdftex.def 2018/01/08 v1.0l Graphics/color driver for pdftex
))
\Gin@req@height=\dimen112
\Gin@req@width=\dimen113
)
(/usr/share/texlive/texmf-dist/tex/latex/geometry/geometry.sty
Package: geometry 2018/04/16 v5.8 Page Geometry

(/usr/share/texlive/texmf-dist/tex/generic/oberdiek/ifpdf.sty
Package: ifpdf 2018/09/07 v3.3 Provides the ifpdf switch
)
(/usr/share/texlive/texmf-dist/tex/generic/oberdiek/ifvtex.sty
Package: ifvtex 2016/05/16 v1.6 Detect VTeX and its facilities (HO)
Package ifvtex Info: VTeX not detected.
)
(/usr/share/texlive/texmf-dist/tex/generic/ifxetex/ifxetex.sty
Package: ifxetex 2010/09/12 v0.6 Provides ifxetex conditional
)
\Gm@cnth=\count100
\Gm@cntv=\count101
\c@Gm@tempcnt=\count102
\Gm@bindingoffset=\dimen114
\Gm@wd@mp=\dimen115
\Gm@odd@mp=\dimen116
\Gm@even@mp=\dimen117
\Gm@layoutwidth=\dimen118
\Gm@layoutheight=\dimen119
\Gm@layouthoffset=\dimen120
\Gm@layoutvoffset=\dimen121
\Gm@dimlist=\toks22
)
(/usr/share/texlive/texmf-dist/tex/latex/float/float.sty
Package: float 2001/11/08 v1.3d Float enhancements (AL)
\c@float@type=\count103
\float@exts=\toks23
\float@box=\box29
\@float@everytoks=\toks24
\@floatcapt=\box30
)
(/usr/share/texlive/texmf-dist/tex/latex/hyperref/hyperref.sty
Package: hyperref 2018/11/30 v6.88e Hypertext links for LaTeX

(/usr/share/texlive/texmf-dist/tex/generic/oberdiek/hobsub-hyperref.sty
Package: hobsub-hyperref 2016/05/16 v1.14 Bundle oberdiek, subset hyperref (HO)


(/usr/share/texlive/texmf-dist/tex/generic/oberdiek/hobsub-generic.sty
Package: hobsub-generic 2016/05/16 v1.14 Bundle oberdiek, subset generic (HO)
Package: hobsub 2016/05/16 v1.14 Construct package bundles (HO)
Package: infwarerr 2016/05/16 v1.4 Providing info/warning/error messages (HO)
Package: ltxcmds 2016/05/16 v1.23 LaTeX kernel commands for general use (HO)
Package: ifluatex 2016/05/16 v1.4 Provides the ifluatex switch (HO)
Package ifluatex Info: LuaTeX not detected.
Package hobsub Info: Skipping package `ifvtex' (already loaded).
Package: intcalc 2016/05/16 v1.2 Expandable calculations with integers (HO)
Package hobsub Info: Skipping package `ifpdf' (already loaded).
Package: etexcmds 2016/05/16 v1.6 Avoid name clashes with e-TeX commands (HO)
Package: kvsetkeys 2016/05/16 v1.17 Key value parser (HO)
Package: kvdefinekeys 2016/05/16 v1.4 Define keys (HO)
Package: pdftexcmds 2018/09/10 v0.29 Utility functions of pdfTeX for LuaTeX (HO
)
Package pdftexcmds Info: LuaTeX not detected.
Package pdftexcmds Info: \pdf@primitive is available.
Package pdftexcmds Info: \pdf@ifprimitive is available.
Package pdftexcmds Info: \pdfdraftmode found.
Package: pdfescape 2016/05/16 v1.14 Implements pdfTeX's escape features (HO)
Package: bigintcalc 2016/05/16 v1.4 Expandable calculations on big integers (HO
)
Package: bitset 2016/05/16 v1.2 Handle bit-vector datatype (HO)
Package: uniquecounter 2016/05/16 v1.3 Provide unlimited unique counter (HO)
)
Package hobsub Info: Skipping package `hobsub' (already loaded).
Package: letltxmacro 2016/05/16 v1.5 Let assignment for LaTeX macros (HO)
Package: hopatch 2016/05/16 v1.3 Wrapper for package hooks (HO)
Package: xcolor-patch 2016/05/16 xcolor patch
Package: atveryend 2016/05/16 v1.9 Hooks at the very end of document (HO)
Package atveryend Info: \enddocument detected (standard20110627).
Package: atbegshi 2016/06/09 v1.18 At begin shipout hook (HO)
Package: refcount 2016/05/16 v3.5 Data extraction from label references (HO)
Package: hycolor 2016/05/16 v1.8 Color options for hyperref/bookmark (HO)
)
(/usr/share/texlive/texmf-dist/tex/latex/oberdiek/auxhook.sty
Package: auxhook 2016/05/16 v1.4 Hooks for auxiliary files (HO)
)
(/usr/share/texlive/texmf-dist/tex/latex/oberdiek/kvoptions.sty
Package: kvoptions 2016/05/16 v3.12 Key value format for package options (HO)
)
\@linkdim=\dimen122
\Hy@linkcounter=\count104
\Hy@pagecounter=\count105

(/usr/share/texlive/texmf-dist/tex/latex/hyperref/pd1enc.def
File: pd1enc.def 2018/11/30 v6.88e Hyperref: PDFDocEncoding definition (HO)
Now handling font encoding PD1 ...
... no UTF-8 mapping file for font encoding PD1
)
\Hy@SavedSpaceFactor=\count106

(/usr/share/texlive/texmf-dist/tex/latex/latexconfig/hyperref.cfg
File: hyperref.cfg 2002/06/06 v1.2 hyperref configuration of TeXLive
)
Package hyperref Info: Hyper figures OFF on input line 4519.
Package hyperref Info: Link nesting OFF on input line 4524.
Package hyperref Info: Hyper index ON on input line 4527.
Package hyperref Info: Plain pages OFF on input line 4534.
Package hyperref Info: Backreferencing OFF on input line 4539.
Package hyperref Info: Implicit mode ON; LaTeX internals redefined.
Package hyperref Info: Bookmarks ON on input line 4772.
\c@Hy@tempcnt=\count107

(/usr/share/texlive/texmf-dist/tex/latex/url/url.sty
\Urlmuskip=\muskip11
Package: url 2013/09/16  ver 3.4  Verb mode for urls, etc.
)
LaTeX Info: Redefining \url on input line 5125.
\XeTeXLinkMargin=\dimen123
\Fld@menulength=\count108
\Field@Width=\dimen124
\Fld@charsize=\dimen125
Package hyperref Info: Hyper figures OFF on input line 6380.
Package hyperref Info: Link nesting OFF on input line 6385.
Package hyperref Info: Hyper index ON on input line 6388.
Package hyperref Info: backreferencing OFF on input line 6395.
Package hyperref Info: Link coloring OFF on input line 6400.
Package hyperref Info: Link coloring with OCG OFF on input line 6405.
Package hyperref Info: PDF/A mode OFF on input line 6410.
LaTeX Info: Redefining \ref on input line 6450.
LaTeX Info: Redefining \pageref on input line 6454.
\Hy@abspage=\count109
\c@Item=\count110
\c@Hfootnote=\count111
)
Package hyperref Info: Driver (autodetected): hpdftex.

(/usr/share/texlive/texmf-dist/tex/latex/hyperref/hpdftex.def
File: hpdftex.def 2018/11/30 v6.88e Hyperref driver for pdfTeX
\Fld@listcount=\count112
\c@bookmark@seq@number=\count113

(/usr/share/texlive/texmf-dist/tex/latex/oberdiek/rerunfilecheck.sty
Package: rerunfilecheck 2016/05/16 v1.8 Rerun checks for auxiliary files (HO)
Package uniquecounter Info: New unique counter `rerunfilecheck' on input line 2
82.
)
\Hy@SectionHShift=\skip46
)
(/usr/share/texlive/texmf-dist/tex/latex/base/fontenc.sty
Package: fontenc 2018/08/11 v2.0j Standard LaTeX package

(/usr/share/texlive/texmf-dist/tex/latex/base/t1enc.def
File: t1enc.def 2018/08/11 v2.0j Standard LaTeX file
LaTeX Font Info:    Redeclaring font encoding T1 on input line 48.
))
(/usr/share/texlive/texmf-dist/tex/generic/babel/babel.sty
Package: babel 2018/11/13 3.27 The Babel package

(/usr/share/texlive/texmf-dist/tex/generic/babel/switch.def
File: switch.def 2018/11/13 3.27 Babel switching mechanism
)
(/usr/share/texlive/texmf-dist/tex/generic/babel-polish/polish.ldf
Language: polish 2005/03/31 v1.2l Polish support from the babel system

(/usr/share/texlive/texmf-dist/tex/generic/babel/babel.def
File: babel.def 2018/11/13 3.27 Babel common definitions
\babel@savecnt=\count114
\U@D=\dimen126

(/usr/share/texlive/texmf-dist/tex/generic/babel/txtbabel.def)
\bbl@dirlevel=\count115
)
Package babel Info: Making " an active character on input line 83.
\pl@left=\dimen127
\pl@down=\dimen128
\pl@right=\dimen129
\pl@temp=\dimen130
))
(/usr/share/texlive/texmf-dist/tex/latex/tools/multicol.sty
Package: multicol 2018/12/27 v1.8v multicolumn formatting (FMi)
\c@tracingmulticols=\count116
\mult@box=\box31
\multicol@leftmargin=\dimen131
\c@unbalance=\count117
\c@collectmore=\count118
\doublecol@number=\count119
\multicoltolerance=\count120
\multicolpretolerance=\count121
\full@width=\dimen132
\page@free=\dimen133
\premulticols=\dimen134
\postmulticols=\dimen135
\multicolsep=\skip47
\multicolbaselineskip=\skip48
\partial@page=\box32
\last@line=\box33
\maxbalancingoverflow=\dimen136
\mult@rightbox=\box34
\mult@grightbox=\box35
\mult@gfirstbox=\box36
\mult@firstbox=\box37
\@tempa=\box38
\@tempa=\box39
\@tempa=\box40
\@tempa=\box41
\@tempa=\box42
\@tempa=\box43
\@tempa=\box44
\@tempa=\box45
\@tempa=\box46
\@tempa=\box47
\@tempa=\box48
\@tempa=\box49
\@tempa=\box50
\@tempa=\box51
\@tempa=\box52
\@tempa=\box53
\@tempa=\box54
\c@columnbadness=\count122
\c@finalcolumnbadness=\count123
\last@try=\dimen137
\multicolovershoot=\dimen138
\multicolundershoot=\dimen139
\mult@nat@firstbox=\box55
\colbreak@box=\box56
\mc@col@check@num=\count124
)
(./Sprawozdanie.aux)
\openout1 = `Sprawozdanie.aux'.

LaTeX Font Info:    Checking defaults for OML/cmm/m/it on input line 19.
LaTeX Font Info:    ... okay on input line 19.
LaTeX Font Info:    Checking defaults for T1/cmr/m/n on input line 19.
LaTeX Font Info:    ... okay on input line 19.
LaTeX Font Info:    Checking defaults for OT1/cmr/m/n on input line 19.
LaTeX Font Info:    ... okay on input line 19.
LaTeX Font Info:    Checking defaults for OMS/cmsy/m/n on input line 19.
LaTeX Font Info:    ... okay on input line 19.
LaTeX Font Info:    Checking defaults for OMX/cmex/m/n on input line 19.
LaTeX Font Info:    ... okay on input line 19.
LaTeX Font Info:    Checking defaults for U/cmr/m/n on input line 19.
LaTeX Font Info:    ... okay on input line 19.
LaTeX Font Info:    Checking defaults for PD1/pdf/m/n on input line 19.
LaTeX Font Info:    ... okay on input line 19.

(/usr/share/texlive/texmf-dist/tex/context/base/mkii/supp-pdf.mkii
[Loading MPS to PDF converter (version 2006.09.02).]
\scratchcounter=\count125
\scratchdimen=\dimen140
\scratchbox=\box57
\nofMPsegments=\count126
\nofMParguments=\count127
\everyMPshowfont=\toks25
\MPscratchCnt=\count128
\MPscratchDim=\dimen141
\MPnumerator=\count129
\makeMPintoPDFobject=\count130
\everyMPtoPDFconversion=\toks26
) (/usr/share/texlive/texmf-dist/tex/latex/oberdiek/epstopdf-base.sty
Package: epstopdf-base 2016/05/15 v2.6 Base part for package epstopdf

(/usr/share/texlive/texmf-dist/tex/latex/oberdiek/grfext.sty
Package: grfext 2016/05/16 v1.2 Manage graphics extensions (HO)
)
Package epstopdf-base Info: Redefining graphics rule for `.eps' on input line 4
38.
Package grfext Info: Graphics extension search list:
(grfext)             [.pdf,.png,.jpg,.mps,.jpeg,.jbig2,.jb2,.PDF,.PNG,.JPG,.JPE
G,.JBIG2,.JB2,.eps]
(grfext)             \AppendGraphicsExtensions on input line 456.

(/usr/share/texlive/texmf-dist/tex/latex/latexconfig/epstopdf-sys.cfg
File: epstopdf-sys.cfg 2010/07/13 v1.3 Configuration of (r)epstopdf for TeX Liv
e
))
*geometry* driver: auto-detecting
*geometry* detected driver: pdftex
*geometry* verbose mode - [ preamble ] result:
* driver: pdftex
* paper: a4paper
* layout: <same size as paper>
* layoutoffset:(h,v)=(0.0pt,0.0pt)
* modes: 
* h-part:(L,W,R)=(56.9055pt, 483.69687pt, 56.9055pt)
* v-part:(T,H,B)=(56.9055pt, 731.23584pt, 56.9055pt)
* \paperwidth=597.50787pt
* \paperheight=845.04684pt
* \textwidth=483.69687pt
* \textheight=731.23584pt
* \oddsidemargin=-15.36449pt
* \evensidemargin=-15.36449pt
* \topmargin=-52.36449pt
* \headheight=12.0pt
* \headsep=25.0pt
* \topskip=12.0pt
* \footskip=30.0pt
* \marginparwidth=35.0pt
* \marginparsep=10.0pt
* \columnsep=10.0pt
* \skip\footins=10.8pt plus 4.0pt minus 2.0pt
* \hoffset=0.0pt
* \voffset=0.0pt
* \mag=1000
* \@twocolumnfalse
* \@twosidefalse
* \@mparswitchfalse
* \@reversemarginfalse
* (1in=72.27pt=25.4mm, 1cm=28.453pt)

\AtBeginShipoutBox=\box58
Package hyperref Info: Link coloring OFF on input line 19.
(/usr/share/texlive/texmf-dist/tex/latex/hyperref/nameref.sty
Package: nameref 2016/05/21 v2.44 Cross-referencing by name of section

(/usr/share/texlive/texmf-dist/tex/generic/oberdiek/gettitlestring.sty
Package: gettitlestring 2016/05/16 v1.5 Cleanup title references (HO)
)
\c@section@level=\count131
)
LaTeX Info: Redefining \ref on input line 19.
LaTeX Info: Redefining \pageref on input line 19.
LaTeX Info: Redefining \nameref on input line 19.

(./Sprawozdanie.out) (./Sprawozdanie.out)
\@outlinefile=\write3
\openout3 = `Sprawozdanie.out'.

LaTeX Font Info:    Try loading font information for U+msa on input line 21.

(/usr/share/texlive/texmf-dist/tex/latex/amsfonts/umsa.fd
File: umsa.fd 2013/01/14 v3.01 AMS symbols A
)
LaTeX Font Info:    Try loading font information for U+msb on input line 21.

(/usr/share/texlive/texmf-dist/tex/latex/amsfonts/umsb.fd
File: umsb.fd 2013/01/14 v3.01 AMS symbols B
)
<../Obrazy/Spr3/MIMO.png, id=72, 236.885pt x 115.43124pt>
File: ../Obrazy/Spr3/MIMO.png Graphic file (type png)
<use ../Obrazy/Spr3/MIMO.png>
Package pdftex.def Info: ../Obrazy/Spr3/MIMO.png  used on input line 32.
(pdftex.def)             Requested size: 217.66211pt x 106.06769pt.
<../Obrazy/Spr3/MISO.png, id=74, 282.05376pt x 119.44624pt>
File: ../Obrazy/Spr3/MISO.png Graphic file (type png)
<use ../Obrazy/Spr3/MISO.png>
Package pdftex.def Info: ../Obrazy/Spr3/MISO.png  used on input line 39.
(pdftex.def)             Requested size: 251.52443pt x 106.51822pt.

Overfull \hbox (14.676pt too wide) in paragraph at lines 39--40
 [][] 
 []

[1

{/var/lib/texmf/fonts/map/pdftex/updmap/pdftex.map} <../Obrazy/Spr3/MIMO.png> <
../Obrazy/Spr3/MISO.png>]
Overfull \hbox (15.74013pt too wide) in paragraph at lines 46--46
[]\T1/cmr/bx/n/17.28 Nieparametryczna iden-ty-fi-ka-cja sta-tycz-nych sys-te-mó
w nie-
 []

<../Obrazy/Spr3/z1_pierwszy.png, id=96, 560.0925pt x 402.5439pt>
File: ../Obrazy/Spr3/z1_pierwszy.png Graphic file (type png)
<use ../Obrazy/Spr3/z1_pierwszy.png>
Package pdftex.def Info: ../Obrazy/Spr3/z1_pierwszy.png  used on input line 64.

(pdftex.def)             Requested size: 386.95897pt x 278.12411pt.
<../Obrazy/Spr3/cosinus.png, id=100, 1226.4219pt x 603.4545pt>
File: ../Obrazy/Spr3/cosinus.png Graphic file (type png)
<use ../Obrazy/Spr3/cosinus.png>
Package pdftex.def Info: ../Obrazy/Spr3/cosinus.png  used on input line 80.
(pdftex.def)             Requested size: 483.69687pt x 237.9982pt.
[2 <../Obrazy/Spr3/z1_pierwszy.png>]
<../Obrazy/Spr3/valid_L.png, id=121, 462.528pt x 346.896pt>
File: ../Obrazy/Spr3/valid_L.png Graphic file (type png)
<use ../Obrazy/Spr3/valid_L.png>
Package pdftex.def Info: ../Obrazy/Spr3/valid_L.png  used on input line 104.
(pdftex.def)             Requested size: 386.95897pt x 290.23143pt.
 [3 <../Obrazy/Spr3/cosinus.png>]
<../Obrazy/Spr3/est_best_L.png, id=131, 462.528pt x 346.896pt>
File: ../Obrazy/Spr3/est_best_L.png Graphic file (type png)
<use ../Obrazy/Spr3/est_best_L.png>
Package pdftex.def Info: ../Obrazy/Spr3/est_best_L.png  used on input line 111.

(pdftex.def)             Requested size: 386.95897pt x 290.23143pt.
 [4 <../Obrazy/Spr3/valid_L.png> <../Obrazy/Spr3/est_best_L.png>]
<../Obrazy/Spr3/cauchy_porownanie_err.png, id=139, 1387.584pt x 675.0018pt>
File: ../Obrazy/Spr3/cauchy_porownanie_err.png Graphic file (type png)
<use ../Obrazy/Spr3/cauchy_porownanie_err.png>
Package pdftex.def Info: ../Obrazy/Spr3/cauchy_porownanie_err.png  used on inpu
t line 126.
(pdftex.def)             Requested size: 483.69687pt x 235.2963pt.
<../Obrazy/Spr3/cauchy_porownanie_est.png, id=140, 1387.584pt x 675.0018pt>
File: ../Obrazy/Spr3/cauchy_porownanie_est.png Graphic file (type png)
<use ../Obrazy/Spr3/cauchy_porownanie_est.png>
Package pdftex.def Info: ../Obrazy/Spr3/cauchy_porownanie_est.png  used on inpu
t line 133.
(pdftex.def)             Requested size: 483.69687pt x 235.2963pt.
 [5 <../Obrazy/Spr3/cauchy_porownanie_err.png>] [6 <../Obrazy/Spr3/cauchy_porow
nanie_est.png>]
Overfull \hbox (4.01006pt too wide) in paragraph at lines 140--140
[]\T1/cmr/bx/n/17.28 Identyfikacja sta-tycz-nych sys-te-mów li-nio-wych typu MI
SO 
 []

<../Obrazy/Spr3/przyklad2.png, id=157, 588.2778pt x 393.8715pt>
File: ../Obrazy/Spr3/przyklad2.png Graphic file (type png)
<use ../Obrazy/Spr3/przyklad2.png>
Package pdftex.def Info: ../Obrazy/Spr3/przyklad2.png  used on input line 164.
(pdftex.def)             Requested size: 483.69687pt x 323.86018pt.
[7]
<../Obrazy/Spr3/maceirze_kow_a.png, id=170, 768.2301pt x 517.4532pt>
File: ../Obrazy/Spr3/maceirze_kow_a.png Graphic file (type png)
<use ../Obrazy/Spr3/maceirze_kow_a.png>
Package pdftex.def Info: ../Obrazy/Spr3/maceirze_kow_a.png  used on input line 
185.
(pdftex.def)             Requested size: 483.69687pt x 325.79984pt.
 [8 <../Obrazy/Spr3/przyklad2.png>]
<../Obrazy/Spr3/err_est_a.png, id=181, 1387.584pt x 675.0018pt>
File: ../Obrazy/Spr3/err_est_a.png Graphic file (type png)
<use ../Obrazy/Spr3/err_est_a.png>
Package pdftex.def Info: ../Obrazy/Spr3/err_est_a.png  used on input line 213.
(pdftex.def)             Requested size: 483.69687pt x 235.2963pt.
 [9 <../Obrazy/Spr3/maceirze_kow_a.png>]
[10 <../Obrazy/Spr3/err_est_a.png>]
Overfull \hbox (2.72922pt too wide) in paragraph at lines 219--219
[]\T1/cmr/bx/n/17.28 Identyfikacja sta-tycz-nych li-nio-wych sys-te-mów MISO pr
zy
 []

<../Obrazy/Spr3/PRZYKLAD3.png, id=198, 632.3625pt x 401.0985pt>
File: ../Obrazy/Spr3/PRZYKLAD3.png Graphic file (type png)
<use ../Obrazy/Spr3/PRZYKLAD3.png>
Package pdftex.def Info: ../Obrazy/Spr3/PRZYKLAD3.png  used on input line 235.
(pdftex.def)             Requested size: 483.69687pt x 306.80873pt.
[11 <../Obrazy/Spr3/PRZYKLAD3.png>]

Package hyperref Warning: Token not allowed in a PDF string (PDFDocEncoding):
(hyperref)                removing `math shift' on input line 282.


Package hyperref Warning: Token not allowed in a PDF string (PDFDocEncoding):
(hyperref)                removing `subscript' on input line 282.


Package hyperref Warning: Token not allowed in a PDF string (PDFDocEncoding):
(hyperref)                removing `math shift' on input line 282.

[12]
<../Obrazy/Spr3/dynamiczny.png, id=227, 610.28pt x 310.15875pt>
File: ../Obrazy/Spr3/dynamiczny.png Graphic file (type png)
<use ../Obrazy/Spr3/dynamiczny.png>
Package pdftex.def Info: ../Obrazy/Spr3/dynamiczny.png  used on input line 302.

(pdftex.def)             Requested size: 217.66211pt x 110.6206pt.
<../Obrazy/Spr3/dynamiczny_SISO.png, id=228, 540.0175pt x 245.91875pt>
File: ../Obrazy/Spr3/dynamiczny_SISO.png Graphic file (type png)
<use ../Obrazy/Spr3/dynamiczny_SISO.png>
Package pdftex.def Info: ../Obrazy/Spr3/dynamiczny_SISO.png  used on input line
 309.
(pdftex.def)             Requested size: 251.52443pt x 114.53865pt.

Overfull \hbox (14.676pt too wide) in paragraph at lines 309--310
 [][] 
 []

<../Obrazy/Spr3/odpowiedz_impulsowa.png, id=230, 462.528pt x 346.896pt>
File: ../Obrazy/Spr3/odpowiedz_impulsowa.png Graphic file (type png)
<use ../Obrazy/Spr3/odpowiedz_impulsowa.png>
Package pdftex.def Info: ../Obrazy/Spr3/odpowiedz_impulsowa.png  used on input 
line 329.
(pdftex.def)             Requested size: 483.69687pt x 362.79062pt.
[13 <../Obrazy/Spr3/dynamiczny.png> <../Obrazy/Spr3/dynamicznY_SISO.png>]
<../Obrazy/Spr3/dynamiczny_b.png, id=246, 462.528pt x 346.896pt>
File: ../Obrazy/Spr3/dynamiczny_b.png Graphic file (type png)
<use ../Obrazy/Spr3/dynamiczny_b.png>
Package pdftex.def Info: ../Obrazy/Spr3/dynamiczny_b.png  used on input line 34
4.
(pdftex.def)             Requested size: 483.69687pt x 362.79062pt.

[14 <../Obrazy/Spr3/odpowiedz_impulsowa.png>]
<../Obrazy/Spr3/odp_norm.png, id=260, 730.6497pt x 472.6458pt>
File: ../Obrazy/Spr3/odp_norm.png Graphic file (type png)
<use ../Obrazy/Spr3/odp_norm.png>
Package pdftex.def Info: ../Obrazy/Spr3/odp_norm.png  used on input line 364.
(pdftex.def)             Requested size: 386.95897pt x 250.32077pt.
 [15 <../Obrazy/Spr3/dynamiczny_b.png>]
<../Obrazy/Spr3/dynamiczny_err_mnk.png, id=270, 462.528pt x 346.896pt>
File: ../Obrazy/Spr3/dynamiczny_err_mnk.png Graphic file (type png)
<use ../Obrazy/Spr3/dynamiczny_err_mnk.png>
Package pdftex.def Info: ../Obrazy/Spr3/dynamiczny_err_mnk.png  used on input l
ine 371.
(pdftex.def)             Requested size: 386.95897pt x 290.23143pt.
<../Obrazy/Spr3/dynamiczny_err_mnk_porownanie.png, id=271, 462.528pt x 346.896p
t>
File: ../Obrazy/Spr3/dynamiczny_err_mnk_porownanie.png Graphic file (type png)
<use ../Obrazy/Spr3/dynamiczny_err_mnk_porownanie.png>
Package pdftex.def Info: ../Obrazy/Spr3/dynamiczny_err_mnk_porownanie.png  used
 on input line 382.
(pdftex.def)             Requested size: 386.95897pt x 290.23143pt.
 [16 <../Obrazy/Spr3/odp_norm.png> <../Obrazy/Spr3/dynamiczny_err_mnk.png>]
<../Obrazy/Spr3/err_uogolniony.png, id=282, 462.528pt x 346.896pt>
File: ../Obrazy/Spr3/err_uogolniony.png Graphic file (type png)
<use ../Obrazy/Spr3/err_uogolniony.png>
Package pdftex.def Info: ../Obrazy/Spr3/err_uogolniony.png  used on input line 
402.
(pdftex.def)             Requested size: 386.95897pt x 290.23143pt.
 [17 <../Obrazy/Spr3/dynamiczny_err_mnk_porownanie.png>]
LaTeX Font Info:    Try loading font information for OMS+cmr on input line 410.


(/usr/share/texlive/texmf-dist/tex/latex/base/omscmr.fd
File: omscmr.fd 2014/09/29 v2.5h Standard LaTeX font definitions
)
LaTeX Font Info:    Font shape `OMS/cmr/m/n' in size <12> not available
(Font)              Font shape `OMS/cmsy/m/n' tried instead on input line 410.
 (./Sprawozdanie.bbl
LaTeX Font Info:    Try loading font information for T1+cmtt on input line 5.

(/usr/share/texlive/texmf-dist/tex/latex/base/t1cmtt.fd
File: t1cmtt.fd 2014/09/29 v2.5h Standard LaTeX font definitions
))
Package atveryend Info: Empty hook `BeforeClearDocument' on input line 419.
 [18 <../Obrazy/Spr3/err_uogolniony.png>]
Package atveryend Info: Empty hook `AfterLastShipout' on input line 419.
 (./Sprawozdanie.aux)
Package atveryend Info: Executing hook `AtVeryEndDocument' on input line 419.
Package atveryend Info: Executing hook `AtEndAfterFileList' on input line 419.
Package rerunfilecheck Info: File `Sprawozdanie.out' has not changed.
(rerunfilecheck)             Checksum: 99743C97F8537CB6D8251EDB4F104E6E;1459.
Package atveryend Info: Empty hook `AtVeryVeryEnd' on input line 419.
 ) 
Here is how much of TeX's memory you used:
 7619 strings out of 494485
 109230 string characters out of 6175563
 215434 words of memory out of 5000000
 11073 multiletter control sequences out of 15000+600000
 23915 words of font info for 66 fonts, out of 8000000 for 9000
 56 hyphenation exceptions out of 8191
 28i,9n,32p,485b,338s stack positions out of 5000i,500n,10000p,200000b,80000s
 </home/maciek/.texlive2018/texmf-var/fonts/pk/ljfour/jknappen/ec/ectt1200.60
0pk> </home/maciek/.texlive2018/texmf-var/fonts/pk/ljfour/jknappen/ec/ecti1200.
600pk> </home/maciek/.texlive2018/texmf-var/fonts/pk/ljfour/jknappen/ec/ecbx120
0.600pk> </home/maciek/.texlive2018/texmf-var/fonts/pk/ljfour/jknappen/ec/ecbx1
440.600pk> </home/maciek/.texlive2018/texmf-var/fonts/pk/ljfour/jknappen/ec/ecr
m1200.600pk> </home/maciek/.texlive2018/texmf-var/fonts/pk/ljfour/jknappen/ec/e
cbx1728.600pk> </home/maciek/.texlive2018/texmf-var/fonts/pk/ljfour/jknappen/ec
/ecrm1440.600pk> </home/maciek/.texlive2018/texmf-var/fonts/pk/ljfour/jknappen/
ec/ecbx2074.600pk> </home/maciek/.texlive2018/texmf-var/fonts/pk/ljfour/jknappe
n/ec/ecrm2074.600pk></usr/share/texlive/texmf-dist/fonts/type1/public/amsfonts/
cm/cmex10.pfb></usr/share/texlive/texmf-dist/fonts/type1/public/amsfonts/cm/cmm
i10.pfb></usr/share/texlive/texmf-dist/fonts/type1/public/amsfonts/cm/cmmi12.pf
b></usr/share/texlive/texmf-dist/fonts/type1/public/amsfonts/cm/cmmi6.pfb></usr
/share/texlive/texmf-dist/fonts/type1/public/amsfonts/cm/cmmi8.pfb></usr/share/
texlive/texmf-dist/fonts/type1/public/amsfonts/cm/cmmib10.pfb></usr/share/texli
ve/texmf-dist/fonts/type1/public/amsfonts/cmextra/cmmib8.pfb></usr/share/texliv
e/texmf-dist/fonts/type1/public/amsfonts/cm/cmr12.pfb></usr/share/texlive/texmf
-dist/fonts/type1/public/amsfonts/cm/cmr6.pfb></usr/share/texlive/texmf-dist/fo
nts/type1/public/amsfonts/cm/cmr8.pfb></usr/share/texlive/texmf-dist/fonts/type
1/public/amsfonts/cm/cmsy10.pfb></usr/share/texlive/texmf-dist/fonts/type1/publ
ic/amsfonts/cm/cmsy8.pfb>
Output written on Sprawozdanie.pdf (18 pages, 919789 bytes).
PDF statistics:
 661 PDF objects out of 1000 (max. 8388607)
 316 compressed objects within 4 object streams
 80 named destinations out of 1000 (max. 500000)
 229 words of extra memory for PDF output out of 10000 (max. 10000000)

